<?xml version="1.0" encoding="UTF-8"?>
<coverage generated="1676799294628" clover="3.2.0">
  <project timestamp="1676799294628" name="All files">
    <metrics statements="4" coveredstatements="2" conditionals="0" coveredconditionals="0" methods="3" coveredmethods="1" elements="7" coveredelements="3" complexity="0" loc="4" ncloc="4" packages="1" files="1" classes="1"/>
    <file name="Todolistitem.jsx" path="C:\Users\aksha\Desktop\JavaScript Folder\react project\Todo application\src\Todolistitem.jsx">
      <metrics statements="4" coveredstatements="2" conditionals="0" coveredconditionals="0" methods="3" coveredmethods="1"/>
      <line num="8" count="2" type="stmt"/>
      <line num="18" count="0" type="stmt"/>
      <line num="29" count="0" type="stmt"/>
      <line num="33" count="1" type="stmt"/>
    </file>
  </project>
</coverage>
