{"C:\\Users\\aksha\\Desktop\\JavaScript Folder\\react project\\Todo application\\src\\Todolistitem.jsx": {"path":"C:\\Users\\aksha\\Desktop\\JavaScript Folder\\react project\\Todo application\\src\\Todolistitem.jsx","statementMap":{"0":{"start":{"line":8,"column":2},"end":{"line":31,"column":4}},"1":{"start":{"line":18,"column":26},"end":{"line":18,"column":42}},"2":{"start":{"line":29,"column":162},"end":{"line":29,"column":178}},"3":{"start":{"line":33,"column":0},"end":{"line":49,"column":2}}},"fnMap":{"0":{"name":"Todolistitem","decl":{"start":{"line":5,"column":9},"end":{"line":5,"column":21}},"loc":{"start":{"line":7,"column":3},"end":{"line":32,"column":1}},"line":7},"1":{"name":"(anonymous_1)","decl":{"start":{"line":18,"column":20},"end":{"line":18,"column":21}},"loc":{"start":{"line":18,"column":26},"end":{"line":18,"column":42}},"line":18},"2":{"name":"(anonymous_2)","decl":{"start":{"line":29,"column":156},"end":{"line":29,"column":157}},"loc":{"start":{"line":29,"column":162},"end":{"line":29,"column":178}},"line":29}},"branchMap":{},"s":{"0":2,"1":0,"2":0,"3":1},"f":{"0":2,"1":0,"2":0},"b":{},"_coverageSchema":"1a1c01bbd47fc00a2c39e90264f33305004495a9","hash":"c3f902e1f34b3f5391d98972ade158d853ad73a4"}
}
